{"D:\\Hacktiv8\\Phase3\\lets-meet\\server\\app.js": {"path":"D:\\Hacktiv8\\Phase3\\lets-meet\\server\\app.js","statementMap":{"0":{"start":{"line":1,"column":13},"end":{"line":1,"column":28}},"1":{"start":{"line":2,"column":16},"end":{"line":2,"column":34}},"2":{"start":{"line":3,"column":12},"end":{"line":3,"column":21}},"3":{"start":{"line":4,"column":15},"end":{"line":4,"column":40}},"4":{"start":{"line":6,"column":0},"end":{"line":6,"column":16}},"5":{"start":{"line":7,"column":0},"end":{"line":7,"column":24}},"6":{"start":{"line":8,"column":0},"end":{"line":8,"column":49}},"7":{"start":{"line":9,"column":0},"end":{"line":9,"column":16}},"8":{"start":{"line":11,"column":0},"end":{"line":11,"column":21}}},"fnMap":{},"branchMap":{},"s":{"0":2,"1":2,"2":2,"3":2,"4":2,"5":2,"6":2,"7":2,"8":2},"f":{},"b":{},"_coverageSchema":"1a1c01bbd47fc00a2c39e90264f33305004495a9","hash":"6598c40047bb5b9b5c9ddb98871026da471b693c"}
,"D:\\Hacktiv8\\Phase3\\lets-meet\\server\\controllers\\categoryController.js": {"path":"D:\\Hacktiv8\\Phase3\\lets-meet\\server\\controllers\\categoryController.js","statementMap":{"0":{"start":{"line":1,"column":21},"end":{"line":1,"column":41}},"1":{"start":{"line":5,"column":8},"end":{"line":14,"column":9}},"2":{"start":{"line":6,"column":34},"end":{"line":10,"column":14}},"3":{"start":{"line":11,"column":12},"end":{"line":11,"column":48}},"4":{"start":{"line":13,"column":12},"end":{"line":13,"column":22}},"5":{"start":{"line":18,"column":0},"end":{"line":18,"column":36}}},"fnMap":{"0":{"name":"(anonymous_0)","decl":{"start":{"line":4,"column":4},"end":{"line":4,"column":5}},"loc":{"start":{"line":4,"column":40},"end":{"line":15,"column":5}},"line":4}},"branchMap":{},"s":{"0":2,"1":1,"2":1,"3":1,"4":0,"5":2},"f":{"0":1},"b":{},"_coverageSchema":"1a1c01bbd47fc00a2c39e90264f33305004495a9","hash":"49f2b87753eceecad515c5547faaa2089afd30c4"}
,"D:\\Hacktiv8\\Phase3\\lets-meet\\server\\controllers\\eventController.js": {"path":"D:\\Hacktiv8\\Phase3\\lets-meet\\server\\controllers\\eventController.js","statementMap":{"0":{"start":{"line":1,"column":47},"end":{"line":1,"column":67}},"1":{"start":{"line":2,"column":15},"end":{"line":2,"column":35}},"2":{"start":{"line":4,"column":63},"end":{"line":4,"column":92}},"3":{"start":{"line":5,"column":15},"end":{"line":5,"column":49}},"4":{"start":{"line":6,"column":24},"end":{"line":6,"column":58}},"5":{"start":{"line":21,"column":12},"end":{"line":21,"column":20}},"6":{"start":{"line":23,"column":23},"end":{"line":23,"column":136}},"7":{"start":{"line":24,"column":33},"end":{"line":24,"column":44}},"8":{"start":{"line":26,"column":8},"end":{"line":60,"column":9}},"9":{"start":{"line":27,"column":27},"end":{"line":38,"column":14}},"10":{"start":{"line":57,"column":12},"end":{"line":57,"column":41}},"11":{"start":{"line":59,"column":12},"end":{"line":59,"column":22}},"12":{"start":{"line":64,"column":8},"end":{"line":190,"column":9}},"13":{"start":{"line":65,"column":90},"end":{"line":65,"column":99}},"14":{"start":{"line":66,"column":28},"end":{"line":66,"column":30}},"15":{"start":{"line":68,"column":12},"end":{"line":70,"column":13}},"16":{"start":{"line":69,"column":16},"end":{"line":69,"column":66}},"17":{"start":{"line":72,"column":12},"end":{"line":74,"column":13}},"18":{"start":{"line":73,"column":16},"end":{"line":73,"column":48}},"19":{"start":{"line":76,"column":12},"end":{"line":80,"column":13}},"20":{"start":{"line":77,"column":16},"end":{"line":77,"column":46}},"21":{"start":{"line":79,"column":16},"end":{"line":79,"column":64}},"22":{"start":{"line":82,"column":12},"end":{"line":123,"column":13}},"23":{"start":{"line":83,"column":16},"end":{"line":91,"column":17}},"24":{"start":{"line":84,"column":32},"end":{"line":84,"column":42}},"25":{"start":{"line":85,"column":35},"end":{"line":85,"column":45}},"26":{"start":{"line":86,"column":20},"end":{"line":86,"column":61}},"27":{"start":{"line":87,"column":20},"end":{"line":87,"column":54}},"28":{"start":{"line":88,"column":20},"end":{"line":90,"column":22}},"29":{"start":{"line":92,"column":16},"end":{"line":100,"column":17}},"30":{"start":{"line":93,"column":32},"end":{"line":93,"column":42}},"31":{"start":{"line":94,"column":20},"end":{"line":99,"column":22}},"32":{"start":{"line":101,"column":16},"end":{"line":109,"column":17}},"33":{"start":{"line":102,"column":32},"end":{"line":102,"column":42}},"34":{"start":{"line":103,"column":33},"end":{"line":103,"column":43}},"35":{"start":{"line":104,"column":20},"end":{"line":104,"column":77}},"36":{"start":{"line":105,"column":20},"end":{"line":105,"column":52}},"37":{"start":{"line":106,"column":20},"end":{"line":108,"column":22}},"38":{"start":{"line":110,"column":16},"end":{"line":122,"column":17}},"39":{"start":{"line":111,"column":38},"end":{"line":111,"column":48}},"40":{"start":{"line":112,"column":20},"end":{"line":114,"column":22}},"41":{"start":{"line":115,"column":20},"end":{"line":115,"column":57}},"42":{"start":{"line":116,"column":37},"end":{"line":116,"column":47}},"43":{"start":{"line":117,"column":20},"end":{"line":117,"column":90}},"44":{"start":{"line":118,"column":20},"end":{"line":118,"column":56}},"45":{"start":{"line":119,"column":20},"end":{"line":121,"column":22}},"46":{"start":{"line":125,"column":25},"end":{"line":137,"column":14}},"47":{"start":{"line":139,"column":12},"end":{"line":162,"column":13}},"48":{"start":{"line":140,"column":16},"end":{"line":161,"column":19}},"49":{"start":{"line":141,"column":33},"end":{"line":141,"column":58}},"50":{"start":{"line":142,"column":33},"end":{"line":142,"column":63}},"51":{"start":{"line":143,"column":33},"end":{"line":143,"column":57}},"52":{"start":{"line":144,"column":33},"end":{"line":144,"column":62}},"53":{"start":{"line":147,"column":31},"end":{"line":147,"column":42}},"54":{"start":{"line":148,"column":31},"end":{"line":148,"column":42}},"55":{"start":{"line":149,"column":28},"end":{"line":151,"column":57}},"56":{"start":{"line":153,"column":28},"end":{"line":153,"column":55}},"57":{"start":{"line":157,"column":28},"end":{"line":157,"column":32}},"58":{"start":{"line":160,"column":20},"end":{"line":160,"column":48}},"59":{"start":{"line":164,"column":28},"end":{"line":164,"column":34}},"60":{"start":{"line":166,"column":12},"end":{"line":185,"column":13}},"61":{"start":{"line":166,"column":25},"end":{"line":166,"column":26}},"62":{"start":{"line":167,"column":41},"end":{"line":167,"column":105}},"63":{"start":{"line":168,"column":44},"end":{"line":168,"column":46}},"64":{"start":{"line":170,"column":30},"end":{"line":170,"column":32}},"65":{"start":{"line":171,"column":16},"end":{"line":183,"column":17}},"66":{"start":{"line":172,"column":20},"end":{"line":182,"column":21}},"67":{"start":{"line":172,"column":33},"end":{"line":172,"column":34}},"68":{"start":{"line":173,"column":39},"end":{"line":173,"column":76}},"69":{"start":{"line":174,"column":42},"end":{"line":174,"column":69}},"70":{"start":{"line":176,"column":24},"end":{"line":180,"column":25}},"71":{"start":{"line":181,"column":24},"end":{"line":181,"column":60}},"72":{"start":{"line":184,"column":16},"end":{"line":184,"column":76}},"73":{"start":{"line":187,"column":12},"end":{"line":187,"column":44}},"74":{"start":{"line":189,"column":12},"end":{"line":189,"column":22}},"75":{"start":{"line":194,"column":23},"end":{"line":194,"column":34}},"76":{"start":{"line":195,"column":28},"end":{"line":195,"column":38}},"77":{"start":{"line":196,"column":8},"end":{"line":227,"column":9}},"78":{"start":{"line":197,"column":30},"end":{"line":197,"column":57}},"79":{"start":{"line":198,"column":31},"end":{"line":198,"column":60}},"80":{"start":{"line":199,"column":37},"end":{"line":204,"column":14}},"81":{"start":{"line":205,"column":41},"end":{"line":209,"column":14}},"82":{"start":{"line":211,"column":12},"end":{"line":213,"column":13}},"83":{"start":{"line":212,"column":16},"end":{"line":212,"column":50}},"84":{"start":{"line":214,"column":12},"end":{"line":224,"column":13}},"85":{"start":{"line":215,"column":16},"end":{"line":221,"column":17}},"86":{"start":{"line":216,"column":20},"end":{"line":216,"column":66}},"87":{"start":{"line":217,"column":35},"end":{"line":217,"column":95}},"88":{"start":{"line":218,"column":20},"end":{"line":218,"column":62}},"89":{"start":{"line":219,"column":23},"end":{"line":221,"column":17}},"90":{"start":{"line":220,"column":20},"end":{"line":220,"column":65}},"91":{"start":{"line":223,"column":16},"end":{"line":223,"column":45}},"92":{"start":{"line":226,"column":12},"end":{"line":226,"column":22}},"93":{"start":{"line":231,"column":8},"end":{"line":263,"column":9}},"94":{"start":{"line":232,"column":32},"end":{"line":232,"column":42}},"95":{"start":{"line":233,"column":26},"end":{"line":237,"column":14}},"96":{"start":{"line":239,"column":12},"end":{"line":260,"column":13}},"97":{"start":{"line":240,"column":39},"end":{"line":244,"column":18}},"98":{"start":{"line":245,"column":37},"end":{"line":256,"column":18}},"99":{"start":{"line":257,"column":16},"end":{"line":257,"column":78}},"100":{"start":{"line":259,"column":16},"end":{"line":259,"column":50}},"101":{"start":{"line":262,"column":12},"end":{"line":262,"column":22}},"102":{"start":{"line":267,"column":8},"end":{"line":310,"column":9}},"103":{"start":{"line":275,"column":16},"end":{"line":275,"column":24}},"104":{"start":{"line":278,"column":23},"end":{"line":278,"column":41}},"105":{"start":{"line":279,"column":27},"end":{"line":279,"column":39}},"106":{"start":{"line":281,"column":31},"end":{"line":281,"column":55}},"107":{"start":{"line":283,"column":12},"end":{"line":285,"column":13}},"108":{"start":{"line":284,"column":16},"end":{"line":284,"column":50}},"109":{"start":{"line":286,"column":12},"end":{"line":286,"column":67}},"110":{"start":{"line":287,"column":12},"end":{"line":307,"column":13}},"111":{"start":{"line":288,"column":40},"end":{"line":301,"column":17}},"112":{"start":{"line":302,"column":16},"end":{"line":302,"column":47}},"113":{"start":{"line":303,"column":16},"end":{"line":303,"column":68}},"114":{"start":{"line":306,"column":16},"end":{"line":306,"column":48}},"115":{"start":{"line":309,"column":12},"end":{"line":309,"column":22}},"116":{"start":{"line":314,"column":28},"end":{"line":314,"column":38}},"117":{"start":{"line":315,"column":23},"end":{"line":315,"column":35}},"118":{"start":{"line":316,"column":8},"end":{"line":334,"column":9}},"119":{"start":{"line":317,"column":31},"end":{"line":317,"column":60}},"120":{"start":{"line":319,"column":12},"end":{"line":321,"column":13}},"121":{"start":{"line":320,"column":16},"end":{"line":320,"column":50}},"122":{"start":{"line":322,"column":12},"end":{"line":331,"column":13}},"123":{"start":{"line":323,"column":16},"end":{"line":323,"column":64}},"124":{"start":{"line":328,"column":16},"end":{"line":328,"column":95}},"125":{"start":{"line":330,"column":16},"end":{"line":330,"column":48}},"126":{"start":{"line":333,"column":12},"end":{"line":333,"column":22}},"127":{"start":{"line":338,"column":23},"end":{"line":338,"column":34}},"128":{"start":{"line":339,"column":28},"end":{"line":339,"column":38}},"129":{"start":{"line":340,"column":8},"end":{"line":359,"column":9}},"130":{"start":{"line":341,"column":30},"end":{"line":341,"column":57}},"131":{"start":{"line":342,"column":31},"end":{"line":342,"column":60}},"132":{"start":{"line":343,"column":35},"end":{"line":345,"column":14}},"133":{"start":{"line":347,"column":12},"end":{"line":356,"column":13}},"134":{"start":{"line":348,"column":16},"end":{"line":348,"column":74}},"135":{"start":{"line":349,"column":16},"end":{"line":353,"column":23}},"136":{"start":{"line":355,"column":16},"end":{"line":355,"column":62}},"137":{"start":{"line":358,"column":12},"end":{"line":358,"column":22}},"138":{"start":{"line":363,"column":28},"end":{"line":363,"column":38}},"139":{"start":{"line":364,"column":23},"end":{"line":364,"column":35}},"140":{"start":{"line":365,"column":23},"end":{"line":367,"column":9}},"141":{"start":{"line":368,"column":8},"end":{"line":390,"column":9}},"142":{"start":{"line":369,"column":31},"end":{"line":369,"column":60}},"143":{"start":{"line":371,"column":12},"end":{"line":373,"column":13}},"144":{"start":{"line":372,"column":16},"end":{"line":372,"column":50}},"145":{"start":{"line":375,"column":12},"end":{"line":387,"column":13}},"146":{"start":{"line":376,"column":16},"end":{"line":383,"column":17}},"147":{"start":{"line":384,"column":16},"end":{"line":384,"column":66}},"148":{"start":{"line":386,"column":16},"end":{"line":386,"column":48}},"149":{"start":{"line":389,"column":12},"end":{"line":389,"column":22}},"150":{"start":{"line":394,"column":8},"end":{"line":415,"column":9}},"151":{"start":{"line":395,"column":27},"end":{"line":395,"column":39}},"152":{"start":{"line":396,"column":35},"end":{"line":403,"column":14}},"153":{"start":{"line":405,"column":31},"end":{"line":407,"column":14}},"154":{"start":{"line":410,"column":25},"end":{"line":410,"column":99}},"155":{"start":{"line":410,"column":57},"end":{"line":410,"column":75}},"156":{"start":{"line":412,"column":12},"end":{"line":412,"column":41}},"157":{"start":{"line":414,"column":12},"end":{"line":414,"column":22}},"158":{"start":{"line":419,"column":28},"end":{"line":419,"column":49}},"159":{"start":{"line":421,"column":8},"end":{"line":421,"column":55}},"160":{"start":{"line":423,"column":8},"end":{"line":425,"column":9}},"161":{"start":{"line":424,"column":12},"end":{"line":424,"column":74}},"162":{"start":{"line":427,"column":18},"end":{"line":427,"column":31}},"163":{"start":{"line":429,"column":8},"end":{"line":431,"column":9}},"164":{"start":{"line":430,"column":12},"end":{"line":430,"column":20}},"165":{"start":{"line":433,"column":40},"end":{"line":433,"column":45}},"166":{"start":{"line":434,"column":24},"end":{"line":434,"column":41}},"167":{"start":{"line":435,"column":33},"end":{"line":435,"column":62}},"168":{"start":{"line":436,"column":36},"end":{"line":436,"column":78}},"169":{"start":{"line":437,"column":22},"end":{"line":437,"column":128}},"170":{"start":{"line":439,"column":8},"end":{"line":439,"column":40}},"171":{"start":{"line":443,"column":28},"end":{"line":443,"column":49}},"172":{"start":{"line":445,"column":8},"end":{"line":445,"column":55}},"173":{"start":{"line":447,"column":8},"end":{"line":449,"column":9}},"174":{"start":{"line":448,"column":12},"end":{"line":448,"column":74}},"175":{"start":{"line":451,"column":18},"end":{"line":451,"column":31}},"176":{"start":{"line":452,"column":19},"end":{"line":452,"column":36}},"177":{"start":{"line":453,"column":25},"end":{"line":453,"column":30}},"178":{"start":{"line":455,"column":28},"end":{"line":455,"column":57}},"179":{"start":{"line":456,"column":36},"end":{"line":456,"column":60}},"180":{"start":{"line":458,"column":22},"end":{"line":458,"column":105}},"181":{"start":{"line":460,"column":8},"end":{"line":460,"column":39}},"182":{"start":{"line":464,"column":0},"end":{"line":464,"column":33}}},"fnMap":{"0":{"name":"(anonymous_0)","decl":{"start":{"line":11,"column":4},"end":{"line":11,"column":5}},"loc":{"start":{"line":11,"column":40},"end":{"line":61,"column":5}},"line":11},"1":{"name":"(anonymous_1)","decl":{"start":{"line":63,"column":4},"end":{"line":63,"column":5}},"loc":{"start":{"line":63,"column":41},"end":{"line":191,"column":5}},"line":63},"2":{"name":"(anonymous_2)","decl":{"start":{"line":140,"column":39},"end":{"line":140,"column":40}},"loc":{"start":{"line":140,"column":49},"end":{"line":161,"column":17}},"line":140},"3":{"name":"(anonymous_3)","decl":{"start":{"line":193,"column":4},"end":{"line":193,"column":5}},"loc":{"start":{"line":193,"column":47},"end":{"line":228,"column":5}},"line":193},"4":{"name":"(anonymous_4)","decl":{"start":{"line":230,"column":4},"end":{"line":230,"column":5}},"loc":{"start":{"line":230,"column":45},"end":{"line":264,"column":5}},"line":230},"5":{"name":"(anonymous_5)","decl":{"start":{"line":266,"column":4},"end":{"line":266,"column":5}},"loc":{"start":{"line":266,"column":45},"end":{"line":311,"column":5}},"line":266},"6":{"name":"(anonymous_6)","decl":{"start":{"line":313,"column":4},"end":{"line":313,"column":5}},"loc":{"start":{"line":313,"column":45},"end":{"line":335,"column":5}},"line":313},"7":{"name":"(anonymous_7)","decl":{"start":{"line":337,"column":4},"end":{"line":337,"column":5}},"loc":{"start":{"line":337,"column":48},"end":{"line":360,"column":5}},"line":337},"8":{"name":"(anonymous_8)","decl":{"start":{"line":362,"column":4},"end":{"line":362,"column":5}},"loc":{"start":{"line":362,"column":43},"end":{"line":391,"column":5}},"line":362},"9":{"name":"(anonymous_9)","decl":{"start":{"line":393,"column":4},"end":{"line":393,"column":5}},"loc":{"start":{"line":393,"column":44},"end":{"line":416,"column":5}},"line":393},"10":{"name":"(anonymous_10)","decl":{"start":{"line":410,"column":46},"end":{"line":410,"column":47}},"loc":{"start":{"line":410,"column":55},"end":{"line":410,"column":77}},"line":410},"11":{"name":"(anonymous_11)","decl":{"start":{"line":418,"column":4},"end":{"line":418,"column":5}},"loc":{"start":{"line":418,"column":46},"end":{"line":440,"column":5}},"line":418},"12":{"name":"(anonymous_12)","decl":{"start":{"line":442,"column":4},"end":{"line":442,"column":5}},"loc":{"start":{"line":442,"column":45},"end":{"line":461,"column":5}},"line":442}},"branchMap":{"0":{"loc":{"start":{"line":23,"column":23},"end":{"line":23,"column":136}},"type":"cond-expr","locations":[{"start":{"line":23,"column":41},"end":{"line":23,"column":56}},{"start":{"line":23,"column":59},"end":{"line":23,"column":136}}],"line":23},"1":{"loc":{"start":{"line":68,"column":12},"end":{"line":70,"column":13}},"type":"if","locations":[{"start":{"line":68,"column":12},"end":{"line":70,"column":13}},{"start":{},"end":{}}],"line":68},"2":{"loc":{"start":{"line":72,"column":12},"end":{"line":74,"column":13}},"type":"if","locations":[{"start":{"line":72,"column":12},"end":{"line":74,"column":13}},{"start":{},"end":{}}],"line":72},"3":{"loc":{"start":{"line":76,"column":12},"end":{"line":80,"column":13}},"type":"if","locations":[{"start":{"line":76,"column":12},"end":{"line":80,"column":13}},{"start":{"line":78,"column":19},"end":{"line":80,"column":13}}],"line":76},"4":{"loc":{"start":{"line":82,"column":12},"end":{"line":123,"column":13}},"type":"if","locations":[{"start":{"line":82,"column":12},"end":{"line":123,"column":13}},{"start":{},"end":{}}],"line":82},"5":{"loc":{"start":{"line":83,"column":16},"end":{"line":91,"column":17}},"type":"if","locations":[{"start":{"line":83,"column":16},"end":{"line":91,"column":17}},{"start":{},"end":{}}],"line":83},"6":{"loc":{"start":{"line":92,"column":16},"end":{"line":100,"column":17}},"type":"if","locations":[{"start":{"line":92,"column":16},"end":{"line":100,"column":17}},{"start":{},"end":{}}],"line":92},"7":{"loc":{"start":{"line":101,"column":16},"end":{"line":109,"column":17}},"type":"if","locations":[{"start":{"line":101,"column":16},"end":{"line":109,"column":17}},{"start":{},"end":{}}],"line":101},"8":{"loc":{"start":{"line":110,"column":16},"end":{"line":122,"column":17}},"type":"if","locations":[{"start":{"line":110,"column":16},"end":{"line":122,"column":17}},{"start":{},"end":{}}],"line":110},"9":{"loc":{"start":{"line":139,"column":12},"end":{"line":162,"column":13}},"type":"if","locations":[{"start":{"line":139,"column":12},"end":{"line":162,"column":13}},{"start":{},"end":{}}],"line":139},"10":{"loc":{"start":{"line":139,"column":16},"end":{"line":139,"column":49}},"type":"binary-expr","locations":[{"start":{"line":139,"column":16},"end":{"line":139,"column":24}},{"start":{"line":139,"column":28},"end":{"line":139,"column":49}}],"line":139},"11":{"loc":{"start":{"line":171,"column":16},"end":{"line":183,"column":17}},"type":"if","locations":[{"start":{"line":171,"column":16},"end":{"line":183,"column":17}},{"start":{},"end":{}}],"line":171},"12":{"loc":{"start":{"line":211,"column":12},"end":{"line":213,"column":13}},"type":"if","locations":[{"start":{"line":211,"column":12},"end":{"line":213,"column":13}},{"start":{},"end":{}}],"line":211},"13":{"loc":{"start":{"line":214,"column":12},"end":{"line":224,"column":13}},"type":"if","locations":[{"start":{"line":214,"column":12},"end":{"line":224,"column":13}},{"start":{"line":222,"column":19},"end":{"line":224,"column":13}}],"line":214},"14":{"loc":{"start":{"line":215,"column":16},"end":{"line":221,"column":17}},"type":"if","locations":[{"start":{"line":215,"column":16},"end":{"line":221,"column":17}},{"start":{"line":219,"column":23},"end":{"line":221,"column":17}}],"line":215},"15":{"loc":{"start":{"line":215,"column":20},"end":{"line":215,"column":51}},"type":"binary-expr","locations":[{"start":{"line":215,"column":20},"end":{"line":215,"column":30}},{"start":{"line":215,"column":34},"end":{"line":215,"column":51}}],"line":215},"16":{"loc":{"start":{"line":219,"column":23},"end":{"line":221,"column":17}},"type":"if","locations":[{"start":{"line":219,"column":23},"end":{"line":221,"column":17}},{"start":{},"end":{}}],"line":219},"17":{"loc":{"start":{"line":239,"column":12},"end":{"line":260,"column":13}},"type":"if","locations":[{"start":{"line":239,"column":12},"end":{"line":260,"column":13}},{"start":{"line":258,"column":19},"end":{"line":260,"column":13}}],"line":239},"18":{"loc":{"start":{"line":283,"column":12},"end":{"line":285,"column":13}},"type":"if","locations":[{"start":{"line":283,"column":12},"end":{"line":285,"column":13}},{"start":{},"end":{}}],"line":283},"19":{"loc":{"start":{"line":287,"column":12},"end":{"line":307,"column":13}},"type":"if","locations":[{"start":{"line":287,"column":12},"end":{"line":307,"column":13}},{"start":{"line":305,"column":19},"end":{"line":307,"column":13}}],"line":287},"20":{"loc":{"start":{"line":319,"column":12},"end":{"line":321,"column":13}},"type":"if","locations":[{"start":{"line":319,"column":12},"end":{"line":321,"column":13}},{"start":{},"end":{}}],"line":319},"21":{"loc":{"start":{"line":322,"column":12},"end":{"line":331,"column":13}},"type":"if","locations":[{"start":{"line":322,"column":12},"end":{"line":331,"column":13}},{"start":{"line":329,"column":19},"end":{"line":331,"column":13}}],"line":322},"22":{"loc":{"start":{"line":347,"column":12},"end":{"line":356,"column":13}},"type":"if","locations":[{"start":{"line":347,"column":12},"end":{"line":356,"column":13}},{"start":{"line":354,"column":19},"end":{"line":356,"column":13}}],"line":347},"23":{"loc":{"start":{"line":371,"column":12},"end":{"line":373,"column":13}},"type":"if","locations":[{"start":{"line":371,"column":12},"end":{"line":373,"column":13}},{"start":{},"end":{}}],"line":371},"24":{"loc":{"start":{"line":375,"column":12},"end":{"line":387,"column":13}},"type":"if","locations":[{"start":{"line":375,"column":12},"end":{"line":387,"column":13}},{"start":{"line":385,"column":19},"end":{"line":387,"column":13}}],"line":375},"25":{"loc":{"start":{"line":423,"column":8},"end":{"line":425,"column":9}},"type":"if","locations":[{"start":{"line":423,"column":8},"end":{"line":425,"column":9}},{"start":{},"end":{}}],"line":423},"26":{"loc":{"start":{"line":429,"column":8},"end":{"line":431,"column":9}},"type":"if","locations":[{"start":{"line":429,"column":8},"end":{"line":431,"column":9}},{"start":{},"end":{}}],"line":429},"27":{"loc":{"start":{"line":429,"column":12},"end":{"line":429,"column":29}},"type":"binary-expr","locations":[{"start":{"line":429,"column":12},"end":{"line":429,"column":16}},{"start":{"line":429,"column":20},"end":{"line":429,"column":29}}],"line":429},"28":{"loc":{"start":{"line":447,"column":8},"end":{"line":449,"column":9}},"type":"if","locations":[{"start":{"line":447,"column":8},"end":{"line":449,"column":9}},{"start":{},"end":{}}],"line":447}},"s":{"0":2,"1":2,"2":2,"3":2,"4":2,"5":10,"6":10,"7":10,"8":10,"9":10,"10":3,"11":7,"12":8,"13":8,"14":8,"15":8,"16":3,"17":8,"18":1,"19":8,"20":1,"21":7,"22":8,"23":4,"24":1,"25":1,"26":1,"27":1,"28":1,"29":4,"30":1,"31":1,"32":4,"33":1,"34":1,"35":1,"36":1,"37":1,"38":4,"39":1,"40":1,"41":1,"42":1,"43":1,"44":1,"45":1,"46":8,"47":8,"48":1,"49":1,"50":1,"51":1,"52":1,"53":1,"54":1,"55":1,"56":1,"57":1,"58":1,"59":8,"60":8,"61":8,"62":6,"63":6,"64":6,"65":6,"66":4,"67":4,"68":4,"69":4,"70":4,"71":4,"72":6,"73":8,"74":0,"75":4,"76":4,"77":4,"78":4,"79":4,"80":4,"81":4,"82":4,"83":1,"84":3,"85":2,"86":1,"87":1,"88":1,"89":1,"90":1,"91":1,"92":3,"93":2,"94":2,"95":2,"96":2,"97":1,"98":1,"99":1,"100":1,"101":1,"102":4,"103":4,"104":4,"105":4,"106":4,"107":4,"108":1,"109":3,"110":3,"111":2,"112":2,"113":2,"114":1,"115":2,"116":4,"117":4,"118":4,"119":4,"120":4,"121":1,"122":3,"123":2,"124":2,"125":1,"126":2,"127":2,"128":2,"129":2,"130":2,"131":2,"132":2,"133":2,"134":1,"135":1,"136":1,"137":1,"138":3,"139":3,"140":3,"141":3,"142":3,"143":3,"144":1,"145":2,"146":1,"147":1,"148":1,"149":2,"150":2,"151":2,"152":2,"153":2,"154":1,"155":0,"156":1,"157":1,"158":2,"159":2,"160":2,"161":1,"162":1,"163":1,"164":0,"165":1,"166":1,"167":1,"168":1,"169":1,"170":1,"171":2,"172":2,"173":2,"174":1,"175":1,"176":1,"177":1,"178":1,"179":1,"180":1,"181":1,"182":2},"f":{"0":10,"1":8,"2":1,"3":4,"4":2,"5":4,"6":4,"7":2,"8":3,"9":2,"10":0,"11":2,"12":2},"b":{"0":[9,1],"1":[3,5],"2":[1,7],"3":[1,7],"4":[4,4],"5":[1,3],"6":[1,3],"7":[1,3],"8":[1,3],"9":[1,7],"10":[8,1],"11":[4,2],"12":[1,3],"13":[2,1],"14":[1,1],"15":[2,2],"16":[1,0],"17":[1,1],"18":[1,3],"19":[2,1],"20":[1,3],"21":[2,1],"22":[1,1],"23":[1,2],"24":[1,1],"25":[1,1],"26":[0,1],"27":[1,1],"28":[1,1]},"_coverageSchema":"1a1c01bbd47fc00a2c39e90264f33305004495a9","hash":"8cab793520be06e6ab259d920f6163440aebe3c2"}
,"D:\\Hacktiv8\\Phase3\\lets-meet\\server\\controllers\\userController.js": {"path":"D:\\Hacktiv8\\Phase3\\lets-meet\\server\\controllers\\userController.js","statementMap":{"0":{"start":{"line":1,"column":17},"end":{"line":1,"column":37}},"1":{"start":{"line":2,"column":19},"end":{"line":2,"column":47}},"2":{"start":{"line":3,"column":17},"end":{"line":3,"column":42}},"3":{"start":{"line":7,"column":4},"end":{"line":16,"column":5}},"4":{"start":{"line":8,"column":44},"end":{"line":8,"column":52}},"5":{"start":{"line":9,"column":6},"end":{"line":9,"column":40}},"6":{"start":{"line":10,"column":21},"end":{"line":10,"column":69}},"7":{"start":{"line":11,"column":6},"end":{"line":13,"column":9}},"8":{"start":{"line":15,"column":6},"end":{"line":15,"column":16}},"9":{"start":{"line":20,"column":4},"end":{"line":33,"column":5}},"10":{"start":{"line":21,"column":34},"end":{"line":21,"column":42}},"11":{"start":{"line":22,"column":24},"end":{"line":22,"column":64}},"12":{"start":{"line":23,"column":6},"end":{"line":23,"column":53}},"13":{"start":{"line":23,"column":22},"end":{"line":23,"column":53}},"14":{"start":{"line":24,"column":22},"end":{"line":24,"column":58}},"15":{"start":{"line":25,"column":6},"end":{"line":25,"column":51}},"16":{"start":{"line":25,"column":20},"end":{"line":25,"column":51}},"17":{"start":{"line":26,"column":27},"end":{"line":29,"column":8}},"18":{"start":{"line":30,"column":6},"end":{"line":30,"column":64}},"19":{"start":{"line":32,"column":6},"end":{"line":32,"column":16}},"20":{"start":{"line":37,"column":0},"end":{"line":37,"column":32}}},"fnMap":{"0":{"name":"(anonymous_0)","decl":{"start":{"line":6,"column":2},"end":{"line":6,"column":3}},"loc":{"start":{"line":6,"column":40},"end":{"line":17,"column":3}},"line":6},"1":{"name":"(anonymous_1)","decl":{"start":{"line":19,"column":2},"end":{"line":19,"column":3}},"loc":{"start":{"line":19,"column":37},"end":{"line":34,"column":3}},"line":19}},"branchMap":{"0":{"loc":{"start":{"line":23,"column":6},"end":{"line":23,"column":53}},"type":"if","locations":[{"start":{"line":23,"column":6},"end":{"line":23,"column":53}},{"start":{},"end":{}}],"line":23},"1":{"loc":{"start":{"line":25,"column":6},"end":{"line":25,"column":51}},"type":"if","locations":[{"start":{"line":25,"column":6},"end":{"line":25,"column":51}},{"start":{},"end":{}}],"line":25}},"s":{"0":2,"1":2,"2":2,"3":11,"4":11,"5":11,"6":11,"7":1,"8":10,"9":4,"10":4,"11":4,"12":4,"13":2,"14":2,"15":2,"16":1,"17":1,"18":1,"19":3,"20":2},"f":{"0":11,"1":4},"b":{"0":[2,2],"1":[1,1]},"_coverageSchema":"1a1c01bbd47fc00a2c39e90264f33305004495a9","hash":"b014a041c9549a561c89bb4bd87fcfe8e2b7be18"}
,"D:\\Hacktiv8\\Phase3\\lets-meet\\server\\helpers\\bcrypt.js": {"path":"D:\\Hacktiv8\\Phase3\\lets-meet\\server\\helpers\\bcrypt.js","statementMap":{"0":{"start":{"line":1,"column":15},"end":{"line":1,"column":32}},"1":{"start":{"line":3,"column":15},"end":{"line":6,"column":1}},"2":{"start":{"line":4,"column":15},"end":{"line":4,"column":37}},"3":{"start":{"line":5,"column":2},"end":{"line":5,"column":41}},"4":{"start":{"line":8,"column":15},"end":{"line":10,"column":1}},"5":{"start":{"line":9,"column":2},"end":{"line":9,"column":54}},"6":{"start":{"line":12,"column":0},"end":{"line":12,"column":36}}},"fnMap":{"0":{"name":"(anonymous_0)","decl":{"start":{"line":3,"column":15},"end":{"line":3,"column":16}},"loc":{"start":{"line":3,"column":29},"end":{"line":6,"column":1}},"line":3},"1":{"name":"(anonymous_1)","decl":{"start":{"line":8,"column":15},"end":{"line":8,"column":16}},"loc":{"start":{"line":8,"column":45},"end":{"line":10,"column":1}},"line":8}},"branchMap":{},"s":{"0":2,"1":2,"2":7,"3":7,"4":2,"5":2,"6":2},"f":{"0":7,"1":2},"b":{},"_coverageSchema":"1a1c01bbd47fc00a2c39e90264f33305004495a9","hash":"6c2bd105b161f5b31e21f4a022b282f7b40452cf"}
,"D:\\Hacktiv8\\Phase3\\lets-meet\\server\\helpers\\jwt.js": {"path":"D:\\Hacktiv8\\Phase3\\lets-meet\\server\\helpers\\jwt.js","statementMap":{"0":{"start":{"line":1,"column":12},"end":{"line":1,"column":35}},"1":{"start":{"line":2,"column":18},"end":{"line":2,"column":30}},"2":{"start":{"line":4,"column":13},"end":{"line":6,"column":1}},"3":{"start":{"line":5,"column":2},"end":{"line":5,"column":38}},"4":{"start":{"line":7,"column":15},"end":{"line":9,"column":1}},"5":{"start":{"line":8,"column":2},"end":{"line":8,"column":38}},"6":{"start":{"line":11,"column":0},"end":{"line":11,"column":34}}},"fnMap":{"0":{"name":"(anonymous_0)","decl":{"start":{"line":4,"column":13},"end":{"line":4,"column":14}},"loc":{"start":{"line":4,"column":26},"end":{"line":6,"column":1}},"line":4},"1":{"name":"(anonymous_1)","decl":{"start":{"line":7,"column":15},"end":{"line":7,"column":16}},"loc":{"start":{"line":7,"column":26},"end":{"line":9,"column":1}},"line":7}},"branchMap":{},"s":{"0":2,"1":2,"2":2,"3":4,"4":2,"5":32,"6":2},"f":{"0":4,"1":32},"b":{},"_coverageSchema":"1a1c01bbd47fc00a2c39e90264f33305004495a9","hash":"729b5900397b82c07a85e7554dd9bd563e81435f"}
,"D:\\Hacktiv8\\Phase3\\lets-meet\\server\\middlewares\\authentication.js": {"path":"D:\\Hacktiv8\\Phase3\\lets-meet\\server\\middlewares\\authentication.js","statementMap":{"0":{"start":{"line":1,"column":19},"end":{"line":1,"column":44}},"1":{"start":{"line":2,"column":17},"end":{"line":2,"column":37}},"2":{"start":{"line":4,"column":23},"end":{"line":30,"column":1}},"3":{"start":{"line":5,"column":18},"end":{"line":5,"column":42}},"4":{"start":{"line":7,"column":4},"end":{"line":29,"column":5}},"5":{"start":{"line":8,"column":24},"end":{"line":8,"column":37}},"6":{"start":{"line":9,"column":26},"end":{"line":14,"column":10}},"7":{"start":{"line":15,"column":8},"end":{"line":20,"column":9}},"8":{"start":{"line":21,"column":8},"end":{"line":21,"column":14}},"9":{"start":{"line":23,"column":8},"end":{"line":23,"column":33}},"10":{"start":{"line":24,"column":8},"end":{"line":28,"column":9}},"11":{"start":{"line":25,"column":12},"end":{"line":25,"column":68}},"12":{"start":{"line":27,"column":12},"end":{"line":27,"column":76}},"13":{"start":{"line":32,"column":0},"end":{"line":32,"column":31}}},"fnMap":{"0":{"name":"(anonymous_0)","decl":{"start":{"line":4,"column":23},"end":{"line":4,"column":24}},"loc":{"start":{"line":4,"column":49},"end":{"line":30,"column":1}},"line":4}},"branchMap":{"0":{"loc":{"start":{"line":24,"column":8},"end":{"line":28,"column":9}},"type":"if","locations":[{"start":{"line":24,"column":8},"end":{"line":28,"column":9}},{"start":{"line":26,"column":15},"end":{"line":28,"column":9}}],"line":24}},"s":{"0":2,"1":2,"2":2,"3":32,"4":32,"5":32,"6":30,"7":30,"8":30,"9":2,"10":2,"11":1,"12":1,"13":2},"f":{"0":32},"b":{"0":[1,1]},"_coverageSchema":"1a1c01bbd47fc00a2c39e90264f33305004495a9","hash":"26cc98354878a6743acac43061064aac640234c6"}
,"D:\\Hacktiv8\\Phase3\\lets-meet\\server\\middlewares\\cacheRTMAgora.js": {"path":"D:\\Hacktiv8\\Phase3\\lets-meet\\server\\middlewares\\cacheRTMAgora.js","statementMap":{"0":{"start":{"line":1,"column":16},"end":{"line":6,"column":1}},"1":{"start":{"line":2,"column":2},"end":{"line":2,"column":78}},"2":{"start":{"line":3,"column":2},"end":{"line":3,"column":30}},"3":{"start":{"line":4,"column":2},"end":{"line":4,"column":35}},"4":{"start":{"line":5,"column":2},"end":{"line":5,"column":9}},"5":{"start":{"line":8,"column":0},"end":{"line":8,"column":25}}},"fnMap":{"0":{"name":"(anonymous_0)","decl":{"start":{"line":1,"column":16},"end":{"line":1,"column":17}},"loc":{"start":{"line":1,"column":36},"end":{"line":6,"column":1}},"line":1}},"branchMap":{},"s":{"0":2,"1":4,"2":4,"3":4,"4":4,"5":2},"f":{"0":4},"b":{},"_coverageSchema":"1a1c01bbd47fc00a2c39e90264f33305004495a9","hash":"0e9563e135b7f37daa7fd3de38e23fc4fbf4e061"}
,"D:\\Hacktiv8\\Phase3\\lets-meet\\server\\middlewares\\errorHandler.js": {"path":"D:\\Hacktiv8\\Phase3\\lets-meet\\server\\middlewares\\errorHandler.js","statementMap":{"0":{"start":{"line":2,"column":19},"end":{"line":36,"column":1}},"1":{"start":{"line":3,"column":4},"end":{"line":3,"column":31}},"2":{"start":{"line":4,"column":4},"end":{"line":35,"column":5}},"3":{"start":{"line":6,"column":12},"end":{"line":6,"column":86}},"4":{"start":{"line":7,"column":12},"end":{"line":7,"column":18}},"5":{"start":{"line":9,"column":12},"end":{"line":9,"column":86}},"6":{"start":{"line":10,"column":12},"end":{"line":10,"column":18}},"7":{"start":{"line":12,"column":12},"end":{"line":12,"column":84}},"8":{"start":{"line":13,"column":12},"end":{"line":13,"column":18}},"9":{"start":{"line":15,"column":12},"end":{"line":15,"column":75}},"10":{"start":{"line":16,"column":12},"end":{"line":16,"column":18}},"11":{"start":{"line":18,"column":12},"end":{"line":18,"column":77}},"12":{"start":{"line":19,"column":12},"end":{"line":19,"column":18}},"13":{"start":{"line":21,"column":12},"end":{"line":21,"column":86}},"14":{"start":{"line":22,"column":12},"end":{"line":22,"column":18}},"15":{"start":{"line":24,"column":12},"end":{"line":24,"column":87}},"16":{"start":{"line":25,"column":12},"end":{"line":25,"column":18}},"17":{"start":{"line":27,"column":12},"end":{"line":27,"column":70}},"18":{"start":{"line":28,"column":12},"end":{"line":28,"column":18}},"19":{"start":{"line":30,"column":12},"end":{"line":30,"column":101}},"20":{"start":{"line":31,"column":12},"end":{"line":31,"column":18}},"21":{"start":{"line":33,"column":12},"end":{"line":33,"column":82}},"22":{"start":{"line":34,"column":12},"end":{"line":34,"column":18}},"23":{"start":{"line":38,"column":0},"end":{"line":38,"column":30}}},"fnMap":{"0":{"name":"(anonymous_0)","decl":{"start":{"line":2,"column":19},"end":{"line":2,"column":20}},"loc":{"start":{"line":2,"column":46},"end":{"line":36,"column":1}},"line":2}},"branchMap":{"0":{"loc":{"start":{"line":4,"column":4},"end":{"line":35,"column":5}},"type":"switch","locations":[{"start":{"line":5,"column":8},"end":{"line":7,"column":18}},{"start":{"line":8,"column":8},"end":{"line":10,"column":18}},{"start":{"line":11,"column":8},"end":{"line":13,"column":18}},{"start":{"line":14,"column":8},"end":{"line":16,"column":18}},{"start":{"line":17,"column":8},"end":{"line":19,"column":18}},{"start":{"line":20,"column":8},"end":{"line":22,"column":18}},{"start":{"line":23,"column":8},"end":{"line":25,"column":18}},{"start":{"line":26,"column":8},"end":{"line":28,"column":18}},{"start":{"line":29,"column":8},"end":{"line":31,"column":18}},{"start":{"line":32,"column":8},"end":{"line":34,"column":18}}],"line":4}},"s":{"0":2,"1":33,"2":33,"3":13,"4":13,"5":3,"6":3,"7":3,"8":3,"9":5,"10":5,"11":3,"12":3,"13":1,"14":1,"15":1,"16":1,"17":1,"18":1,"19":1,"20":1,"21":2,"22":2,"23":2},"f":{"0":33},"b":{"0":[13,3,3,5,3,1,1,1,1,2]},"_coverageSchema":"1a1c01bbd47fc00a2c39e90264f33305004495a9","hash":"10b6ced653251c253d0f96fa36dd6b0f9b717aff"}
,"D:\\Hacktiv8\\Phase3\\lets-meet\\server\\middlewares\\imageKit.js": {"path":"D:\\Hacktiv8\\Phase3\\lets-meet\\server\\middlewares\\imageKit.js","statementMap":{"0":{"start":{"line":3,"column":14},"end":{"line":3,"column":30}},"1":{"start":{"line":4,"column":17},"end":{"line":4,"column":37}},"2":{"start":{"line":6,"column":17},"end":{"line":34,"column":1}},"3":{"start":{"line":7,"column":4},"end":{"line":33,"column":5}},"4":{"start":{"line":8,"column":8},"end":{"line":30,"column":9}},"5":{"start":{"line":9,"column":12},"end":{"line":9,"column":18}},"6":{"start":{"line":11,"column":25},"end":{"line":11,"column":39}},"7":{"start":{"line":12,"column":31},"end":{"line":12,"column":75}},"8":{"start":{"line":13,"column":33},"end":{"line":13,"column":75}},"9":{"start":{"line":14,"column":34},"end":{"line":14,"column":81}},"10":{"start":{"line":15,"column":12},"end":{"line":15,"column":46}},"11":{"start":{"line":16,"column":12},"end":{"line":16,"column":58}},"12":{"start":{"line":17,"column":29},"end":{"line":25,"column":14}},"13":{"start":{"line":26,"column":12},"end":{"line":29,"column":13}},"14":{"start":{"line":27,"column":16},"end":{"line":27,"column":51}},"15":{"start":{"line":28,"column":16},"end":{"line":28,"column":23}},"16":{"start":{"line":32,"column":8},"end":{"line":32,"column":17}},"17":{"start":{"line":36,"column":0},"end":{"line":36,"column":25}}},"fnMap":{"0":{"name":"(anonymous_0)","decl":{"start":{"line":6,"column":17},"end":{"line":6,"column":18}},"loc":{"start":{"line":6,"column":43},"end":{"line":34,"column":1}},"line":6}},"branchMap":{"0":{"loc":{"start":{"line":8,"column":8},"end":{"line":30,"column":9}},"type":"if","locations":[{"start":{"line":8,"column":8},"end":{"line":30,"column":9}},{"start":{"line":10,"column":15},"end":{"line":30,"column":9}}],"line":8},"1":{"loc":{"start":{"line":26,"column":12},"end":{"line":29,"column":13}},"type":"if","locations":[{"start":{"line":26,"column":12},"end":{"line":29,"column":13}},{"start":{},"end":{}}],"line":26}},"s":{"0":2,"1":2,"2":2,"3":14,"4":14,"5":13,"6":1,"7":1,"8":1,"9":1,"10":1,"11":1,"12":1,"13":1,"14":1,"15":1,"16":0,"17":2},"f":{"0":14},"b":{"0":[13,1],"1":[1,0]},"_coverageSchema":"1a1c01bbd47fc00a2c39e90264f33305004495a9","hash":"f653c46b0c1cc4ace232b1342cd7c60a709e2f6f"}
,"D:\\Hacktiv8\\Phase3\\lets-meet\\server\\middlewares\\imageValidation.js": {"path":"D:\\Hacktiv8\\Phase3\\lets-meet\\server\\middlewares\\imageValidation.js","statementMap":{"0":{"start":{"line":1,"column":24},"end":{"line":22,"column":1}},"1":{"start":{"line":2,"column":2},"end":{"line":21,"column":3}},"2":{"start":{"line":4,"column":4},"end":{"line":17,"column":5}},"3":{"start":{"line":5,"column":6},"end":{"line":5,"column":12}},"4":{"start":{"line":7,"column":6},"end":{"line":13,"column":7}},"5":{"start":{"line":12,"column":8},"end":{"line":12,"column":39}},"6":{"start":{"line":15,"column":6},"end":{"line":15,"column":12}},"7":{"start":{"line":20,"column":4},"end":{"line":20,"column":15}},"8":{"start":{"line":25,"column":0},"end":{"line":25,"column":32}}},"fnMap":{"0":{"name":"(anonymous_0)","decl":{"start":{"line":1,"column":24},"end":{"line":1,"column":25}},"loc":{"start":{"line":1,"column":50},"end":{"line":22,"column":1}},"line":1}},"branchMap":{"0":{"loc":{"start":{"line":4,"column":4},"end":{"line":17,"column":5}},"type":"if","locations":[{"start":{"line":4,"column":4},"end":{"line":17,"column":5}},{"start":{"line":6,"column":11},"end":{"line":17,"column":5}}],"line":4},"1":{"loc":{"start":{"line":7,"column":6},"end":{"line":13,"column":7}},"type":"if","locations":[{"start":{"line":7,"column":6},"end":{"line":13,"column":7}},{"start":{},"end":{}}],"line":7},"2":{"loc":{"start":{"line":8,"column":8},"end":{"line":10,"column":42}},"type":"binary-expr","locations":[{"start":{"line":8,"column":8},"end":{"line":8,"column":41}},{"start":{"line":9,"column":8},"end":{"line":9,"column":41}},{"start":{"line":10,"column":8},"end":{"line":10,"column":42}}],"line":8}},"s":{"0":2,"1":15,"2":15,"3":13,"4":2,"5":1,"6":1,"7":1,"8":2},"f":{"0":15},"b":{"0":[13,2],"1":[1,1],"2":[2,1,1]},"_coverageSchema":"1a1c01bbd47fc00a2c39e90264f33305004495a9","hash":"87213711aac0a0e4184f5f82748e230b54dc9e49"}
,"D:\\Hacktiv8\\Phase3\\lets-meet\\server\\middlewares\\multer.js": {"path":"D:\\Hacktiv8\\Phase3\\lets-meet\\server\\middlewares\\multer.js","statementMap":{"0":{"start":{"line":3,"column":15},"end":{"line":3,"column":32}},"1":{"start":{"line":4,"column":16},"end":{"line":4,"column":38}},"2":{"start":{"line":5,"column":15},"end":{"line":5,"column":32}},"3":{"start":{"line":7,"column":20},"end":{"line":7,"column":43}},"4":{"start":{"line":9,"column":0},"end":{"line":9,"column":28}}},"fnMap":{},"branchMap":{},"s":{"0":2,"1":2,"2":2,"3":2,"4":2},"f":{},"b":{},"_coverageSchema":"1a1c01bbd47fc00a2c39e90264f33305004495a9","hash":"6a9640c10c74ff5bd80ddb272b3d0aedb4dd1034"}
,"D:\\Hacktiv8\\Phase3\\lets-meet\\server\\models\\category.js": {"path":"D:\\Hacktiv8\\Phase3\\lets-meet\\server\\models\\category.js","statementMap":{"0":{"start":{"line":2,"column":18},"end":{"line":2,"column":38}},"1":{"start":{"line":3,"column":0},"end":{"line":26,"column":2}},"2":{"start":{"line":6,"column":6},"end":{"line":6,"column":67}},"3":{"start":{"line":9,"column":2},"end":{"line":24,"column":4}},"4":{"start":{"line":25,"column":2},"end":{"line":25,"column":18}}},"fnMap":{"0":{"name":"(anonymous_0)","decl":{"start":{"line":3,"column":17},"end":{"line":3,"column":18}},"loc":{"start":{"line":3,"column":43},"end":{"line":26,"column":1}},"line":3},"1":{"name":"(anonymous_1)","decl":{"start":{"line":5,"column":4},"end":{"line":5,"column":5}},"loc":{"start":{"line":5,"column":29},"end":{"line":7,"column":5}},"line":5}},"branchMap":{},"s":{"0":2,"1":2,"2":2,"3":2,"4":2},"f":{"0":2,"1":2},"b":{},"_coverageSchema":"1a1c01bbd47fc00a2c39e90264f33305004495a9","hash":"5cd0c20988b41c2cca7b487bff33a3e1d8c7ed99"}
,"D:\\Hacktiv8\\Phase3\\lets-meet\\server\\models\\event.js": {"path":"D:\\Hacktiv8\\Phase3\\lets-meet\\server\\models\\event.js","statementMap":{"0":{"start":{"line":2,"column":18},"end":{"line":2,"column":38}},"1":{"start":{"line":3,"column":0},"end":{"line":103,"column":2}},"2":{"start":{"line":6,"column":6},"end":{"line":9,"column":9}},"3":{"start":{"line":10,"column":6},"end":{"line":10,"column":71}},"4":{"start":{"line":11,"column":6},"end":{"line":11,"column":69}},"5":{"start":{"line":14,"column":2},"end":{"line":101,"column":4}},"6":{"start":{"line":95,"column":16},"end":{"line":95,"column":37}},"7":{"start":{"line":102,"column":2},"end":{"line":102,"column":15}}},"fnMap":{"0":{"name":"(anonymous_0)","decl":{"start":{"line":3,"column":17},"end":{"line":3,"column":18}},"loc":{"start":{"line":3,"column":43},"end":{"line":103,"column":1}},"line":3},"1":{"name":"(anonymous_1)","decl":{"start":{"line":5,"column":4},"end":{"line":5,"column":5}},"loc":{"start":{"line":5,"column":29},"end":{"line":12,"column":5}},"line":5},"2":{"name":"(anonymous_2)","decl":{"start":{"line":94,"column":28},"end":{"line":94,"column":29}},"loc":{"start":{"line":94,"column":39},"end":{"line":96,"column":13}},"line":94}},"branchMap":{},"s":{"0":2,"1":2,"2":2,"3":2,"4":2,"5":2,"6":15,"7":2},"f":{"0":2,"1":2,"2":15},"b":{},"_coverageSchema":"1a1c01bbd47fc00a2c39e90264f33305004495a9","hash":"d87555c0f752c778b500cb56802dd3a1ea6856f5"}
,"D:\\Hacktiv8\\Phase3\\lets-meet\\server\\models\\index.js": {"path":"D:\\Hacktiv8\\Phase3\\lets-meet\\server\\models\\index.js","statementMap":{"0":{"start":{"line":3,"column":11},"end":{"line":3,"column":24}},"1":{"start":{"line":4,"column":13},"end":{"line":4,"column":28}},"2":{"start":{"line":5,"column":18},"end":{"line":5,"column":38}},"3":{"start":{"line":6,"column":17},"end":{"line":6,"column":42}},"4":{"start":{"line":7,"column":12},"end":{"line":7,"column":49}},"5":{"start":{"line":8,"column":15},"end":{"line":8,"column":65}},"6":{"start":{"line":9,"column":11},"end":{"line":9,"column":13}},"7":{"start":{"line":12,"column":0},"end":{"line":16,"column":1}},"8":{"start":{"line":13,"column":2},"end":{"line":13,"column":74}},"9":{"start":{"line":15,"column":2},"end":{"line":15,"column":87}},"10":{"start":{"line":18,"column":0},"end":{"line":26,"column":5}},"11":{"start":{"line":21,"column":4},"end":{"line":21,"column":90}},"12":{"start":{"line":24,"column":18},"end":{"line":24,"column":85}},"13":{"start":{"line":25,"column":4},"end":{"line":25,"column":27}},"14":{"start":{"line":28,"column":0},"end":{"line":32,"column":3}},"15":{"start":{"line":29,"column":2},"end":{"line":31,"column":3}},"16":{"start":{"line":30,"column":4},"end":{"line":30,"column":32}},"17":{"start":{"line":34,"column":0},"end":{"line":34,"column":25}},"18":{"start":{"line":35,"column":0},"end":{"line":35,"column":25}},"19":{"start":{"line":37,"column":0},"end":{"line":37,"column":20}}},"fnMap":{"0":{"name":"(anonymous_0)","decl":{"start":{"line":20,"column":10},"end":{"line":20,"column":11}},"loc":{"start":{"line":20,"column":18},"end":{"line":22,"column":3}},"line":20},"1":{"name":"(anonymous_1)","decl":{"start":{"line":23,"column":11},"end":{"line":23,"column":12}},"loc":{"start":{"line":23,"column":19},"end":{"line":26,"column":3}},"line":23},"2":{"name":"(anonymous_2)","decl":{"start":{"line":28,"column":24},"end":{"line":28,"column":25}},"loc":{"start":{"line":28,"column":37},"end":{"line":32,"column":1}},"line":28}},"branchMap":{"0":{"loc":{"start":{"line":7,"column":12},"end":{"line":7,"column":49}},"type":"binary-expr","locations":[{"start":{"line":7,"column":12},"end":{"line":7,"column":32}},{"start":{"line":7,"column":36},"end":{"line":7,"column":49}}],"line":7},"1":{"loc":{"start":{"line":12,"column":0},"end":{"line":16,"column":1}},"type":"if","locations":[{"start":{"line":12,"column":0},"end":{"line":16,"column":1}},{"start":{"line":14,"column":7},"end":{"line":16,"column":1}}],"line":12},"2":{"loc":{"start":{"line":21,"column":11},"end":{"line":21,"column":89}},"type":"binary-expr","locations":[{"start":{"line":21,"column":12},"end":{"line":21,"column":35}},{"start":{"line":21,"column":41},"end":{"line":21,"column":58}},{"start":{"line":21,"column":64},"end":{"line":21,"column":88}}],"line":21},"3":{"loc":{"start":{"line":29,"column":2},"end":{"line":31,"column":3}},"type":"if","locations":[{"start":{"line":29,"column":2},"end":{"line":31,"column":3}},{"start":{},"end":{}}],"line":29}},"s":{"0":2,"1":2,"2":2,"3":2,"4":2,"5":2,"6":2,"7":2,"8":0,"9":2,"10":2,"11":10,"12":8,"13":8,"14":2,"15":8,"16":8,"17":2,"18":2,"19":2},"f":{"0":10,"1":8,"2":8},"b":{"0":[2,0],"1":[0,2],"2":[10,10,8],"3":[8,0]},"_coverageSchema":"1a1c01bbd47fc00a2c39e90264f33305004495a9","hash":"3ca0bdcaa7edb5e607a1c2701a7abd98d54a8693"}
,"D:\\Hacktiv8\\Phase3\\lets-meet\\server\\models\\participant.js": {"path":"D:\\Hacktiv8\\Phase3\\lets-meet\\server\\models\\participant.js","statementMap":{"0":{"start":{"line":2,"column":18},"end":{"line":2,"column":38}},"1":{"start":{"line":3,"column":0},"end":{"line":38,"column":2}},"2":{"start":{"line":6,"column":6},"end":{"line":9,"column":9}},"3":{"start":{"line":10,"column":6},"end":{"line":10,"column":84}},"4":{"start":{"line":13,"column":2},"end":{"line":36,"column":4}},"5":{"start":{"line":37,"column":2},"end":{"line":37,"column":21}}},"fnMap":{"0":{"name":"(anonymous_0)","decl":{"start":{"line":3,"column":17},"end":{"line":3,"column":18}},"loc":{"start":{"line":3,"column":43},"end":{"line":38,"column":1}},"line":3},"1":{"name":"(anonymous_1)","decl":{"start":{"line":5,"column":4},"end":{"line":5,"column":5}},"loc":{"start":{"line":5,"column":29},"end":{"line":11,"column":5}},"line":5}},"branchMap":{},"s":{"0":2,"1":2,"2":2,"3":2,"4":2,"5":2},"f":{"0":2,"1":2},"b":{},"_coverageSchema":"1a1c01bbd47fc00a2c39e90264f33305004495a9","hash":"fc338b026b22cb9e1ef9e745e015cdebac565d42"}
,"D:\\Hacktiv8\\Phase3\\lets-meet\\server\\models\\user.js": {"path":"D:\\Hacktiv8\\Phase3\\lets-meet\\server\\models\\user.js","statementMap":{"0":{"start":{"line":2,"column":18},"end":{"line":2,"column":38}},"1":{"start":{"line":3,"column":19},"end":{"line":3,"column":47}},"2":{"start":{"line":4,"column":0},"end":{"line":68,"column":2}},"3":{"start":{"line":7,"column":6},"end":{"line":10,"column":9}},"4":{"start":{"line":11,"column":6},"end":{"line":11,"column":69}},"5":{"start":{"line":14,"column":2},"end":{"line":66,"column":4}},"6":{"start":{"line":28,"column":12},"end":{"line":31,"column":16}},"7":{"start":{"line":29,"column":14},"end":{"line":31,"column":16}},"8":{"start":{"line":60,"column":10},"end":{"line":60,"column":48}},"9":{"start":{"line":67,"column":2},"end":{"line":67,"column":14}}},"fnMap":{"0":{"name":"(anonymous_0)","decl":{"start":{"line":4,"column":17},"end":{"line":4,"column":18}},"loc":{"start":{"line":4,"column":43},"end":{"line":68,"column":1}},"line":4},"1":{"name":"(anonymous_1)","decl":{"start":{"line":6,"column":4},"end":{"line":6,"column":5}},"loc":{"start":{"line":6,"column":29},"end":{"line":12,"column":5}},"line":6},"2":{"name":"(anonymous_2)","decl":{"start":{"line":27,"column":10},"end":{"line":27,"column":11}},"loc":{"start":{"line":27,"column":33},"end":{"line":32,"column":11}},"line":27},"3":{"name":"(anonymous_3)","decl":{"start":{"line":59,"column":22},"end":{"line":59,"column":23}},"loc":{"start":{"line":59,"column":41},"end":{"line":61,"column":9}},"line":59}},"branchMap":{"0":{"loc":{"start":{"line":28,"column":12},"end":{"line":31,"column":16}},"type":"if","locations":[{"start":{"line":28,"column":12},"end":{"line":31,"column":16}},{"start":{},"end":{}}],"line":28}},"s":{"0":2,"1":2,"2":2,"3":2,"4":2,"5":2,"6":13,"7":1,"8":7,"9":2},"f":{"0":2,"1":2,"2":13,"3":7},"b":{"0":[1,12]},"_coverageSchema":"1a1c01bbd47fc00a2c39e90264f33305004495a9","hash":"d7f5c031925571d016a694773632f85119e39545"}
,"D:\\Hacktiv8\\Phase3\\lets-meet\\server\\routes\\index.js": {"path":"D:\\Hacktiv8\\Phase3\\lets-meet\\server\\routes\\index.js","statementMap":{"0":{"start":{"line":1,"column":15},"end":{"line":1,"column":42}},"1":{"start":{"line":2,"column":23},"end":{"line":2,"column":63}},"2":{"start":{"line":3,"column":23},"end":{"line":3,"column":63}},"3":{"start":{"line":4,"column":27},"end":{"line":4,"column":71}},"4":{"start":{"line":5,"column":24},"end":{"line":5,"column":65}},"5":{"start":{"line":6,"column":21},"end":{"line":6,"column":59}},"6":{"start":{"line":7,"column":16},"end":{"line":7,"column":55}},"7":{"start":{"line":8,"column":20},"end":{"line":8,"column":52}},"8":{"start":{"line":9,"column":17},"end":{"line":9,"column":51}},"9":{"start":{"line":10,"column":24},"end":{"line":10,"column":65}},"10":{"start":{"line":12,"column":0},"end":{"line":12,"column":56}},"11":{"start":{"line":13,"column":0},"end":{"line":13,"column":50}},"12":{"start":{"line":14,"column":0},"end":{"line":14,"column":47}},"13":{"start":{"line":15,"column":0},"end":{"line":15,"column":60}},"14":{"start":{"line":16,"column":0},"end":{"line":16,"column":53}},"15":{"start":{"line":17,"column":0},"end":{"line":17,"column":77}},"16":{"start":{"line":18,"column":0},"end":{"line":18,"column":79}},"17":{"start":{"line":20,"column":0},"end":{"line":20,"column":27}},"18":{"start":{"line":22,"column":0},"end":{"line":22,"column":51}},"19":{"start":{"line":23,"column":0},"end":{"line":23,"column":87}},"20":{"start":{"line":24,"column":0},"end":{"line":24,"column":63}},"21":{"start":{"line":25,"column":0},"end":{"line":25,"column":100}},"22":{"start":{"line":26,"column":0},"end":{"line":26,"column":60}},"23":{"start":{"line":27,"column":0},"end":{"line":27,"column":63}},"24":{"start":{"line":28,"column":0},"end":{"line":28,"column":79}},"25":{"start":{"line":30,"column":0},"end":{"line":30,"column":25}},"26":{"start":{"line":32,"column":0},"end":{"line":32,"column":24}}},"fnMap":{},"branchMap":{},"s":{"0":2,"1":2,"2":2,"3":2,"4":2,"5":2,"6":2,"7":2,"8":2,"9":2,"10":2,"11":2,"12":2,"13":2,"14":2,"15":2,"16":2,"17":2,"18":2,"19":2,"20":2,"21":2,"22":2,"23":2,"24":2,"25":2,"26":2},"f":{},"b":{},"_coverageSchema":"1a1c01bbd47fc00a2c39e90264f33305004495a9","hash":"a08a4966237f4535fef071e2dfbd27433154867d"}
}
