TN:
SF:app.js
FNF:0
FNH:0
DA:1,2
DA:2,2
DA:3,2
DA:4,2
DA:6,2
DA:7,2
DA:8,2
DA:9,2
DA:11,2
LF:9
LH:9
BRF:0
BRH:0
end_of_record
TN:
SF:controllers\eventController.js
FN:8,(anonymous_0)
FN:46,(anonymous_1)
FN:64,(anonymous_2)
FN:152,(anonymous_3)
FN:178,(anonymous_4)
FN:214,(anonymous_5)
FN:268,(anonymous_6)
FN:290,(anonymous_7)
FN:316,(anonymous_8)
FNF:9
FNH:7
FNDA:8,(anonymous_0)
FNDA:0,(anonymous_1)
FNDA:7,(anonymous_2)
FNDA:3,(anonymous_3)
FNDA:2,(anonymous_4)
FNDA:4,(anonymous_5)
FNDA:0,(anonymous_6)
FNDA:4,(anonymous_7)
FNDA:2,(anonymous_8)
DA:1,2
DA:2,2
DA:3,2
DA:5,2
DA:16,8
DA:18,8
DA:20,8
DA:23,8
DA:24,8
DA:25,8
DA:36,2
DA:37,1
DA:39,1
DA:40,1
DA:41,1
DA:42,1
DA:44,1
DA:47,0
DA:55,1
DA:58,2
DA:60,6
DA:65,7
DA:66,7
DA:67,7
DA:68,7
DA:69,3
DA:72,7
DA:73,1
DA:76,7
DA:77,3
DA:78,1
DA:80,2
DA:84,7
DA:85,4
DA:86,1
DA:87,1
DA:88,1
DA:89,1
DA:90,1
DA:94,4
DA:95,1
DA:96,1
DA:103,4
DA:104,1
DA:105,1
DA:106,1
DA:107,1
DA:108,1
DA:112,4
DA:113,1
DA:115,1
DA:119,1
DA:121,1
DA:123,1
DA:125,1
DA:127,1
DA:132,7
DA:146,7
DA:148,0
DA:153,3
DA:154,3
DA:155,3
DA:156,3
DA:157,3
DA:158,3
DA:164,3
DA:165,1
DA:166,1
DA:167,1
DA:168,2
DA:169,1
DA:171,1
DA:174,2
DA:179,2
DA:180,2
DA:181,2
DA:187,2
DA:188,1
DA:193,1
DA:205,1
DA:207,1
DA:210,1
DA:215,4
DA:223,4
DA:225,4
DA:226,4
DA:228,4
DA:230,4
DA:231,1
DA:234,3
DA:235,2
DA:250,2
DA:252,2
DA:253,1
DA:255,1
DA:257,1
DA:259,1
DA:260,1
DA:261,1
DA:262,1
DA:264,1
DA:266,1
DA:269,0
DA:278,1
DA:281,2
DA:283,1
DA:286,2
DA:291,4
DA:292,4
DA:293,4
DA:294,4
DA:296,4
DA:297,1
DA:299,3
DA:300,2
DA:301,2
DA:302,1
DA:303,1
DA:305,2
DA:309,1
DA:312,2
DA:317,2
DA:318,2
DA:319,2
DA:320,2
DA:321,2
DA:322,2
DA:326,2
DA:327,1
DA:328,1
DA:334,1
DA:337,1
DA:342,2
LF:133
LH:130
BRDA:20,0,0,8
BRDA:20,0,1,0
BRDA:36,1,0,1
BRDA:36,1,1,1
BRDA:68,2,0,3
BRDA:68,2,1,4
BRDA:72,3,0,1
BRDA:72,3,1,6
BRDA:76,4,0,3
BRDA:76,4,1,4
BRDA:77,5,0,1
BRDA:77,5,1,2
BRDA:84,6,0,4
BRDA:84,6,1,3
BRDA:85,7,0,1
BRDA:85,7,1,3
BRDA:94,8,0,1
BRDA:94,8,1,3
BRDA:103,9,0,1
BRDA:103,9,1,3
BRDA:112,10,0,1
BRDA:112,10,1,3
BRDA:164,11,0,1
BRDA:164,11,1,2
BRDA:164,12,0,3
BRDA:164,12,1,2
BRDA:168,13,0,1
BRDA:168,13,1,1
BRDA:187,14,0,1
BRDA:187,14,1,1
BRDA:230,15,0,1
BRDA:230,15,1,3
BRDA:234,16,0,2
BRDA:234,16,1,1
BRDA:252,17,0,1
BRDA:252,17,1,1
BRDA:296,18,0,1
BRDA:296,18,1,3
BRDA:299,19,0,2
BRDA:299,19,1,1
BRDA:301,20,0,1
BRDA:301,20,1,1
BRDA:326,21,0,1
BRDA:326,21,1,1
BRF:44
BRH:43
end_of_record
TN:
SF:controllers\userController.js
FN:6,(anonymous_0)
FN:18,(anonymous_1)
FNF:2
FNH:2
FNDA:11,(anonymous_0)
FNDA:4,(anonymous_1)
DA:1,2
DA:2,2
DA:3,2
DA:7,11
DA:8,11
DA:9,11
DA:10,1
DA:14,10
DA:19,4
DA:20,4
DA:21,4
DA:22,4
DA:23,2
DA:24,2
DA:25,1
DA:29,1
DA:31,3
DA:36,2
LF:18
LH:18
BRDA:22,0,0,2
BRDA:22,0,1,2
BRDA:24,1,0,1
BRDA:24,1,1,1
BRF:4
BRH:4
end_of_record
TN:
SF:helpers\bcrypt.js
FN:3,(anonymous_0)
FN:8,(anonymous_1)
FNF:2
FNH:2
FNDA:6,(anonymous_0)
FNDA:2,(anonymous_1)
DA:1,2
DA:3,2
DA:4,6
DA:5,6
DA:8,2
DA:9,2
DA:12,2
LF:7
LH:7
BRF:0
BRH:0
end_of_record
TN:
SF:helpers\jwt.js
FN:4,(anonymous_0)
FN:7,(anonymous_1)
FNF:2
FNH:2
FNDA:3,(anonymous_0)
FNDA:23,(anonymous_1)
DA:1,2
DA:2,2
DA:4,2
DA:5,3
DA:7,2
DA:8,23
DA:11,2
LF:7
LH:7
BRF:0
BRH:0
end_of_record
TN:
SF:middlewares\authentication.js
FN:4,(anonymous_0)
FNF:1
FNH:1
FNDA:23,(anonymous_0)
DA:1,2
DA:2,2
DA:4,2
DA:5,23
DA:6,23
DA:8,23
DA:9,23
DA:10,21
DA:16,21
DA:22,21
DA:24,2
DA:25,1
DA:27,1
DA:32,2
LF:14
LH:14
BRDA:24,0,0,1
BRDA:24,0,1,1
BRF:2
BRH:2
end_of_record
TN:
SF:middlewares\errorHandler.js
FN:2,(anonymous_0)
FNF:1
FNH:1
FNDA:27,(anonymous_0)
DA:2,2
DA:3,27
DA:4,27
DA:6,13
DA:7,13
DA:9,3
DA:10,3
DA:12,3
DA:13,3
DA:15,4
DA:16,4
DA:18,2
DA:19,2
DA:21,1
DA:22,1
DA:24,1
DA:25,1
DA:27,0
DA:28,0
DA:32,2
LF:20
LH:18
BRDA:4,0,0,13
BRDA:4,0,1,3
BRDA:4,0,2,3
BRDA:4,0,3,4
BRDA:4,0,4,2
BRDA:4,0,5,1
BRDA:4,0,6,1
BRDA:4,0,7,0
BRF:8
BRH:7
end_of_record
TN:
SF:models\category.js
FN:3,(anonymous_0)
FN:5,(anonymous_1)
FNF:2
FNH:2
FNDA:2,(anonymous_0)
FNDA:2,(anonymous_1)
DA:2,2
DA:3,2
DA:6,2
DA:9,2
DA:25,2
LF:5
LH:5
BRF:0
BRH:0
end_of_record
TN:
SF:models\event.js
FN:3,(anonymous_0)
FN:5,(anonymous_1)
FNF:2
FNH:2
FNDA:2,(anonymous_0)
FNDA:2,(anonymous_1)
DA:2,2
DA:3,2
DA:6,2
DA:10,2
DA:11,2
DA:14,2
DA:80,2
LF:7
LH:7
BRF:0
BRH:0
end_of_record
TN:
SF:models\index.js
FN:20,(anonymous_0)
FN:23,(anonymous_1)
FN:28,(anonymous_2)
FNF:3
FNH:3
FNDA:10,(anonymous_0)
FNDA:8,(anonymous_1)
FNDA:8,(anonymous_2)
DA:3,2
DA:4,2
DA:5,2
DA:6,2
DA:7,2
DA:8,2
DA:9,2
DA:12,2
DA:13,0
DA:15,2
DA:18,2
DA:21,10
DA:24,8
DA:25,8
DA:28,2
DA:29,8
DA:30,8
DA:34,2
DA:35,2
DA:37,2
LF:20
LH:19
BRDA:7,0,0,2
BRDA:7,0,1,0
BRDA:12,1,0,0
BRDA:12,1,1,2
BRDA:21,2,0,10
BRDA:21,2,1,10
BRDA:21,2,2,8
BRDA:29,3,0,8
BRDA:29,3,1,0
BRF:9
BRH:6
end_of_record
TN:
SF:models\participant.js
FN:3,(anonymous_0)
FN:5,(anonymous_1)
FNF:2
FNH:2
FNDA:2,(anonymous_0)
FNDA:2,(anonymous_1)
DA:2,2
DA:3,2
DA:6,2
DA:10,2
DA:13,2
DA:37,2
LF:6
LH:6
BRF:0
BRH:0
end_of_record
TN:
SF:models\user.js
FN:4,(anonymous_0)
FN:6,(anonymous_1)
FN:27,(anonymous_2)
FN:59,(anonymous_3)
FNF:4
FNH:4
FNDA:2,(anonymous_0)
FNDA:2,(anonymous_1)
FNDA:12,(anonymous_2)
FNDA:6,(anonymous_3)
DA:2,2
DA:3,2
DA:4,2
DA:7,2
DA:11,2
DA:14,2
DA:28,12
DA:29,1
DA:60,6
DA:67,2
LF:10
LH:10
BRDA:28,0,0,1
BRDA:28,0,1,11
BRF:2
BRH:2
end_of_record
TN:
SF:routes\index.js
FNF:0
FNH:0
DA:1,2
DA:2,2
DA:3,2
DA:4,2
DA:5,2
DA:7,2
DA:8,2
DA:9,2
DA:10,2
DA:12,2
DA:14,2
DA:15,2
DA:16,2
DA:17,2
DA:18,2
DA:20,2
DA:22,2
LF:17
LH:17
BRF:0
BRH:0
end_of_record
