TN:
SF:app.js
FNF:0
FNH:0
DA:1,2
DA:2,2
DA:3,2
DA:4,2
DA:6,2
DA:7,2
DA:8,2
DA:9,2
DA:11,2
LF:9
LH:9
BRF:0
BRH:0
end_of_record
TN:
SF:controllers\eventController.js
FN:8,(anonymous_0)
FN:52,(anonymous_1)
FN:70,(anonymous_2)
FN:150,(anonymous_3)
FN:176,(anonymous_4)
FN:230,(anonymous_5)
FN:256,(anonymous_6)
FN:292,(anonymous_7)
FN:346,(anonymous_8)
FN:368,(anonymous_9)
FN:394,(anonymous_10)
FN:419,(anonymous_11)
FN:70,(anonymous_2)
FN:176,(anonymous_4)
FN:231,(anonymous_5)
FN:257,(anonymous_6)
FN:293,(anonymous_7)
FN:347,(anonymous_8)
FN:369,(anonymous_9)
FN:395,(anonymous_10)
FN:420,(anonymous_11)
FNF:21
FNH:8
FNDA:8,(anonymous_0)
FNDA:0,(anonymous_1)
FNDA:7,(anonymous_2)
FNDA:0,(anonymous_3)
FNDA:0,(anonymous_4)
FNDA:3,(anonymous_5)
FNDA:2,(anonymous_6)
FNDA:4,(anonymous_7)
FNDA:0,(anonymous_8)
FNDA:4,(anonymous_9)
FNDA:2,(anonymous_10)
FNDA:3,(anonymous_11)
FNDA:0,(anonymous_2)
FNDA:0,(anonymous_4)
FNDA:0,(anonymous_5)
FNDA:0,(anonymous_6)
FNDA:0,(anonymous_7)
FNDA:0,(anonymous_8)
FNDA:0,(anonymous_9)
FNDA:0,(anonymous_10)
FNDA:0,(anonymous_11)
DA:1,2
DA:2,2
DA:3,2
DA:5,2
DA:19,8
DA:21,8
DA:23,8
DA:26,8
DA:27,8
DA:28,8
DA:42,2
DA:43,1
DA:45,1
DA:46,1
DA:47,1
DA:48,1
DA:50,1
DA:53,0
DA:61,1
DA:64,2
DA:66,6
DA:71,7
DA:72,7
DA:73,7
DA:75,7
DA:76,3
DA:79,7
DA:80,1
DA:83,7
DA:84,3
DA:85,1
DA:87,2
DA:91,7
DA:92,4
DA:93,1
DA:94,1
DA:95,1
DA:96,1
DA:97,1
DA:101,4
DA:102,1
DA:103,1
DA:110,4
DA:111,1
DA:112,1
DA:113,1
DA:114,1
DA:115,1
DA:119,4
DA:120,1
DA:121,1
DA:124,1
DA:125,1
DA:126,1
DA:127,1
DA:128,1
DA:134,7
DA:148,7
DA:149,0
DA:150,0
DA:151,0
DA:152,0
DA:153,0
DA:154,0
DA:157,0
DA:158,0
DA:159,0
DA:163,0
DA:167,0
DA:170,0
DA:171,0
DA:175,0
DA:176,0
DA:177,0
DA:178,0
DA:179,0
DA:180,0
DA:183,0
DA:184,0
DA:185,0
DA:189,0
DA:193,0
DA:196,0
DA:197,0
DA:201,7
DA:202,0
DA:203,7
DA:204,7
DA:205,7
DA:206,0
DA:207,7
DA:208,7
DA:209,2
DA:210,2
DA:211,2
DA:212,0
DA:213,2
DA:214,0
DA:218,2
DA:219,0
DA:221,7
DA:222,0
DA:224,7
DA:225,0
DA:226,0
DA:227,0
DA:231,3
DA:232,3
DA:233,3
DA:234,3
DA:235,3
DA:236,3
DA:237,0
DA:242,3
DA:243,1
DA:244,1
DA:245,1
DA:246,2
DA:247,1
DA:248,0
DA:249,1
DA:250,0
DA:252,2
DA:253,0
DA:257,2
DA:258,2
DA:259,2
DA:260,0
DA:265,2
DA:266,1
DA:267,0
DA:271,1
DA:272,0
DA:283,1
DA:284,0
DA:285,1
DA:286,0
DA:288,1
DA:289,0
DA:293,4
DA:294,0
DA:301,4
DA:302,0
DA:303,4
DA:304,4
DA:305,0
DA:306,4
DA:307,0
DA:308,4
DA:309,1
DA:310,0
DA:312,3
DA:313,2
DA:314,0
DA:328,2
DA:329,0
DA:330,2
DA:331,1
DA:332,0
DA:333,1
DA:334,0
DA:335,1
DA:336,0
DA:337,1
DA:338,1
DA:339,1
DA:340,1
DA:341,0
DA:342,1
DA:343,0
DA:344,1
DA:345,0
DA:347,0
DA:348,0
DA:356,1
DA:357,0
DA:359,2
DA:360,0
DA:361,1
DA:362,0
DA:364,2
DA:365,0
DA:369,4
DA:370,4
DA:371,4
DA:372,4
DA:373,0
DA:374,4
DA:375,1
DA:376,0
DA:377,3
DA:378,2
DA:379,2
DA:380,1
DA:381,1
DA:382,0
DA:383,2
DA:384,0
DA:387,1
DA:388,0
DA:390,2
DA:391,0
DA:395,2
DA:396,2
DA:397,2
DA:398,2
DA:399,2
DA:400,2
DA:401,0
DA:404,2
DA:405,1
DA:406,1
DA:407,0
DA:412,1
DA:413,0
DA:415,1
DA:416,0
DA:420,3
DA:421,3
DA:422,3
DA:423,0
DA:425,3
DA:426,3
DA:427,0
DA:428,3
DA:429,1
DA:430,0
DA:432,2
DA:433,1
DA:434,0
DA:441,1
DA:442,1
DA:443,0
DA:444,1
DA:445,0
DA:447,2
DA:448,0
DA:452,1
DA:453,1
LF:239
LH:157
BRDA:23,0,0,8
BRDA:23,0,1,0
BRDA:42,1,0,1
BRDA:42,1,1,1
BRDA:75,2,0,3
BRDA:75,2,1,4
BRDA:79,3,0,1
BRDA:79,3,1,6
BRDA:83,4,0,3
BRDA:83,4,1,4
BRDA:84,5,0,1
BRDA:84,5,1,2
BRDA:91,6,0,4
BRDA:91,6,1,3
BRDA:92,7,0,1
BRDA:92,7,1,3
BRDA:101,8,0,1
BRDA:101,8,1,3
BRDA:110,9,0,1
BRDA:110,9,1,3
BRDA:119,10,0,1
BRDA:119,10,1,3
BRDA:148,11,0,0
BRDA:148,11,1,7
BRDA:149,12,0,0
BRDA:149,12,1,0
BRDA:175,13,0,0
BRDA:175,13,1,0
BRDA:208,14,0,2
BRDA:208,14,1,5
BRDA:242,15,0,1
BRDA:242,15,1,2
BRDA:242,16,0,3
BRDA:242,16,1,2
BRDA:246,17,0,1
BRDA:246,17,1,1
BRDA:265,18,0,1
BRDA:265,18,1,1
BRDA:308,19,0,1
BRDA:308,19,1,3
BRDA:312,20,0,2
BRDA:312,20,1,1
BRDA:330,21,0,1
BRDA:330,21,1,1
BRDA:374,22,0,1
BRDA:374,22,1,3
BRDA:377,23,0,2
BRDA:377,23,1,1
BRDA:379,24,0,1
BRDA:379,24,1,1
BRDA:404,25,0,1
BRDA:404,25,1,1
BRDA:428,26,0,1
BRDA:428,26,1,2
BRDA:432,27,0,1
BRDA:432,27,1,1
BRDA:148,28,0,0
BRDA:148,28,1,0
BRDA:175,29,0,0
BRDA:175,29,1,0
BRDA:209,30,0,0
BRDA:209,30,1,0
BRDA:243,31,0,0
BRDA:243,31,1,0
BRDA:243,32,0,0
BRDA:243,32,1,0
BRDA:247,33,0,0
BRDA:247,33,1,0
BRDA:266,34,0,0
BRDA:266,34,1,0
BRDA:309,35,0,0
BRDA:309,35,1,0
BRDA:313,36,0,0
BRDA:313,36,1,0
BRDA:331,37,0,0
BRDA:331,37,1,0
BRDA:375,38,0,0
BRDA:375,38,1,0
BRDA:378,39,0,0
BRDA:378,39,1,0
BRDA:380,40,0,0
BRDA:380,40,1,0
BRDA:405,41,0,0
BRDA:405,41,1,0
BRDA:429,42,0,0
BRDA:429,42,1,0
BRDA:433,43,0,0
BRDA:433,43,1,0
BRF:88
BRH:50
end_of_record
TN:
SF:controllers\userController.js
FN:6,(anonymous_0)
FN:18,(anonymous_1)
FNF:2
FNH:2
FNDA:11,(anonymous_0)
FNDA:4,(anonymous_1)
DA:1,2
DA:2,2
DA:3,2
DA:7,11
DA:8,11
DA:9,11
DA:10,1
DA:14,10
DA:19,4
DA:20,4
DA:21,4
DA:22,4
DA:23,2
DA:24,2
DA:25,1
DA:29,1
DA:31,3
DA:36,2
LF:18
LH:18
BRDA:22,0,0,2
BRDA:22,0,1,2
BRDA:24,1,0,1
BRDA:24,1,1,1
BRF:4
BRH:4
end_of_record
TN:
SF:helpers\bcrypt.js
FN:3,(anonymous_0)
FN:8,(anonymous_1)
FNF:2
FNH:2
FNDA:6,(anonymous_0)
FNDA:2,(anonymous_1)
DA:1,2
DA:3,2
DA:4,6
DA:5,6
DA:8,2
DA:9,2
DA:12,2
LF:7
LH:7
BRF:0
BRH:0
end_of_record
TN:
SF:helpers\jwt.js
FN:4,(anonymous_0)
FN:7,(anonymous_1)
FNF:2
FNH:2
FNDA:3,(anonymous_0)
FNDA:26,(anonymous_1)
DA:1,2
DA:2,2
DA:4,2
DA:5,3
DA:7,2
DA:8,26
DA:11,2
LF:7
LH:7
BRF:0
BRH:0
end_of_record
TN:
SF:middlewares\authentication.js
FN:4,(anonymous_0)
FNF:1
FNH:1
FNDA:26,(anonymous_0)
DA:1,2
DA:2,2
DA:4,2
DA:5,26
DA:6,26
DA:8,26
DA:9,26
DA:10,24
DA:16,24
DA:22,24
DA:24,2
DA:25,1
DA:27,1
DA:32,2
LF:14
LH:14
BRDA:24,0,0,1
BRDA:24,0,1,1
BRF:2
BRH:2
end_of_record
TN:
SF:middlewares\errorHandler.js
FN:2,(anonymous_0)
FNF:1
FNH:1
FNDA:29,(anonymous_0)
DA:2,2
DA:3,29
DA:4,29
DA:6,13
DA:7,13
DA:9,3
DA:10,3
DA:12,3
DA:13,3
DA:15,5
DA:16,5
DA:18,3
DA:19,3
DA:21,1
DA:22,1
DA:24,1
DA:25,1
DA:27,0
DA:28,0
DA:32,2
LF:20
LH:18
BRDA:4,0,0,13
BRDA:4,0,1,3
BRDA:4,0,2,3
BRDA:4,0,3,5
BRDA:4,0,4,3
BRDA:4,0,5,1
BRDA:4,0,6,1
BRDA:4,0,7,0
BRF:8
BRH:7
end_of_record
TN:
SF:models\category.js
FN:3,(anonymous_0)
FN:5,(anonymous_1)
FNF:2
FNH:2
FNDA:2,(anonymous_0)
FNDA:2,(anonymous_1)
DA:2,2
DA:3,2
DA:6,2
DA:9,2
DA:25,2
LF:5
LH:5
BRF:0
BRH:0
end_of_record
TN:
SF:models\event.js
FN:3,(anonymous_0)
FN:5,(anonymous_1)
FNF:2
FNH:2
FNDA:2,(anonymous_0)
FNDA:2,(anonymous_1)
DA:2,2
DA:3,2
DA:6,2
DA:10,2
DA:11,2
DA:14,2
DA:98,2
LF:7
LH:7
BRF:0
BRH:0
end_of_record
TN:
SF:models\index.js
FN:20,(anonymous_0)
FN:23,(anonymous_1)
FN:28,(anonymous_2)
FNF:3
FNH:3
FNDA:10,(anonymous_0)
FNDA:8,(anonymous_1)
FNDA:8,(anonymous_2)
DA:3,2
DA:4,2
DA:5,2
DA:6,2
DA:7,2
DA:8,2
DA:9,2
DA:12,2
DA:13,0
DA:15,2
DA:18,2
DA:21,10
DA:24,8
DA:25,8
DA:28,2
DA:29,8
DA:30,8
DA:34,2
DA:35,2
DA:37,2
LF:20
LH:19
BRDA:7,0,0,2
BRDA:7,0,1,0
BRDA:12,1,0,0
BRDA:12,1,1,2
BRDA:21,2,0,10
BRDA:21,2,1,10
BRDA:21,2,2,8
BRDA:29,3,0,8
BRDA:29,3,1,0
BRF:9
BRH:6
end_of_record
TN:
SF:models\participant.js
FN:3,(anonymous_0)
FN:5,(anonymous_1)
FNF:2
FNH:2
FNDA:2,(anonymous_0)
FNDA:2,(anonymous_1)
DA:2,2
DA:3,2
DA:6,2
DA:10,2
DA:13,2
DA:37,2
LF:6
LH:6
BRF:0
BRH:0
end_of_record
TN:
SF:models\user.js
FN:4,(anonymous_0)
FN:6,(anonymous_1)
FN:27,(anonymous_2)
FN:59,(anonymous_3)
FNF:4
FNH:4
FNDA:2,(anonymous_0)
FNDA:2,(anonymous_1)
FNDA:12,(anonymous_2)
FNDA:6,(anonymous_3)
DA:2,2
DA:3,2
DA:4,2
DA:7,2
DA:11,2
DA:14,2
DA:28,12
DA:29,1
DA:60,6
DA:67,2
LF:10
LH:10
BRDA:28,0,0,1
BRDA:28,0,1,11
BRF:2
BRH:2
end_of_record
TN:
SF:routes\index.js
FNF:0
FNH:0
DA:1,2
DA:2,2
DA:3,2
DA:4,2
DA:5,2
DA:7,2
DA:8,2
DA:9,2
DA:10,2
DA:12,2
DA:14,2
DA:15,2
DA:16,2
DA:17,2
DA:18,2
DA:19,2
DA:21,2
DA:23,2
LF:18
LH:18
BRF:0
BRH:0
end_of_record
